[0.272s] Invoking command in '/home/pheonix/ros2_ws/build/robot_state_publisher': AMENT_PREFIX_PATH=/home/pheonix/ros2_ws/install/launch_ros:/home/pheonix/ros2_ws/install/composition_interfaces:/home/pheonix/ros2_ws/install/rcl_interfaces:/home/pheonix/ros2_ws/install/lifecycle_msgs:${AMENT_PREFIX_PATH} CMAKE_PREFIX_PATH=/home/pheonix/ros2_ws/install/composition_interfaces:/home/pheonix/ros2_ws/install/rcl_interfaces:/home/pheonix/ros2_ws/install/lifecycle_msgs:/opt/ros/jazzy/opt/gz_sim_vendor:/opt/ros/jazzy/opt/gz_sensors_vendor:/opt/ros/jazzy/opt/gz_physics_vendor:/opt/ros/jazzy/opt/sdformat_vendor:/opt/ros/jazzy/opt/gz_gui_vendor:/opt/ros/jazzy/opt/gz_transport_vendor:/opt/ros/jazzy/opt/gz_rendering_vendor:/opt/ros/jazzy/opt/gz_plugin_vendor:/opt/ros/jazzy/opt/gz_fuel_tools_vendor:/opt/ros/jazzy/opt/gz_msgs_vendor:/opt/ros/jazzy/opt/gz_common_vendor:/opt/ros/jazzy/opt/gz_tools_vendor:/opt/ros/jazzy/opt/gz_ogre_next_vendor:/opt/ros/jazzy/opt/gz_dartsim_vendor:/home/pheonix/ros2_ws/install/turtlesim:/opt/ros/jazzy/opt/gz_math_vendor:/opt/ros/jazzy/opt/gz_utils_vendor:/opt/ros/jazzy/opt/gz_cmake_vendor:/opt/ros/jazzy DEBUGINFOD_URLS=https://debuginfod.ubuntu.com LD_LIBRARY_PATH=/home/pheonix/ros2_ws/install/composition_interfaces/lib:/home/pheonix/ros2_ws/install/rcl_interfaces/lib:/home/pheonix/ros2_ws/install/lifecycle_msgs/lib:${LD_LIBRARY_PATH} PYTHONPATH=/home/pheonix/ros2_ws/install/launch_ros/lib/python3.12/site-packages:/home/pheonix/ros2_ws/install/composition_interfaces/lib/python3.12/site-packages:/home/pheonix/ros2_ws/install/rcl_interfaces/lib/python3.12/site-packages:/home/pheonix/ros2_ws/install/lifecycle_msgs/lib/python3.12/site-packages:${PYTHONPATH} /usr/bin/cmake /home/pheonix/ros2_ws/src/robot_state_publisher -DCMAKE_INSTALL_PREFIX=/home/pheonix/ros2_ws/install/robot_state_publisher
[0.376s] -- Found ament_cmake: 2.5.2 (/opt/ros/jazzy/share/ament_cmake/cmake)
[0.656s] -- Found Python3: /usr/bin/python3 (found version "3.12.3") found components: Interpreter 
[1.207s] -- Found builtin_interfaces: 2.0.2 (/opt/ros/jazzy/share/builtin_interfaces/cmake)
[1.239s] -- Found rosidl_generator_c: 4.6.3 (/opt/ros/jazzy/share/rosidl_generator_c/cmake)
[1.273s] -- Found rosidl_generator_cpp: 4.6.3 (/opt/ros/jazzy/share/rosidl_generator_cpp/cmake)
[1.316s] -- Using all available rosidl_typesupport_c: rosidl_typesupport_fastrtps_c;rosidl_typesupport_introspection_c
[1.353s] -- Using all available rosidl_typesupport_cpp: rosidl_typesupport_fastrtps_cpp;rosidl_typesupport_introspection_cpp
[1.387s] -- Found geometry_msgs: 5.3.5 (/opt/ros/jazzy/share/geometry_msgs/cmake)
[1.529s] -- Found kdl_parser: 2.11.0 (/opt/ros/jazzy/share/kdl_parser/cmake)
[1.580s] -- Found eigen3_cmake_module: 0.3.0 (/opt/ros/jazzy/share/eigen3_cmake_module/cmake)
[1.583s] -- Found Eigen3: TRUE (found version "3.4.0") 
[1.583s] -- Ensuring Eigen3 include directory is part of orocos-kdl CMake target
[1.613s] -- Found rcl_interfaces: 2.2.0 (/home/pheonix/ros2_ws/install/rcl_interfaces/share/rcl_interfaces/cmake)
[1.746s] -- Found rclcpp: 28.1.3 (/opt/ros/jazzy/share/rclcpp/cmake)
[1.862s] -- Found rmw_implementation_cmake: 7.3.1 (/opt/ros/jazzy/share/rmw_implementation_cmake/cmake)
[1.878s] -- Found rmw_fastrtps_cpp: 8.4.1 (/opt/ros/jazzy/share/rmw_fastrtps_cpp/cmake)
[2.113s] -- Found OpenSSL: /usr/lib/x86_64-linux-gnu/libcrypto.so (found version "3.0.13")  
[2.136s] -- Found FastRTPS: /opt/ros/jazzy/include (Required is at least version "2.13") 
[2.151s] -- Using RMW implementation 'rmw_fastrtps_cpp' as default
[2.315s] -- Found rclcpp_components: 28.1.3 (/opt/ros/jazzy/share/rclcpp_components/cmake)
[2.426s] -- Found sensor_msgs: 5.3.5 (/opt/ros/jazzy/share/sensor_msgs/cmake)
[2.486s] -- Found tf2_ros: 0.36.4 (/opt/ros/jazzy/share/tf2_ros/cmake)
[3.152s] -- Found urdf: 2.10.0 (/opt/ros/jazzy/share/urdf/cmake)
[3.220s] -- Found ament_lint_auto: 0.17.1 (/opt/ros/jazzy/share/ament_lint_auto/cmake)
[3.356s] -- Found python_cmake_module: 0.11.1 (/opt/ros/jazzy/share/python_cmake_module/cmake)
[3.510s] -- Found PythonExtra: /usr/bin/python3  
[3.518s] -- Found gtest sources under '/opt/ros/jazzy/src/gtest_vendor': C++ tests using 'Google Test' will be built
[3.529s] -- Added test 'copyright' to check source files copyright and LICENSE
[3.537s] -- Added test 'cppcheck' to perform static code analysis on C / C++ code
[3.538s] -- Configured cppcheck include dirs: $<BUILD_INTERFACE:/home/pheonix/ros2_ws/src/robot_state_publisher/include>
[3.538s] -- Configured cppcheck exclude dirs and/or files: 
[3.541s] -- Added test 'cpplint' to check C / C++ code against the Google style
[3.542s] -- Configured cpplint exclude dirs and/or files: 
[3.542s] -- Added test 'flake8' to check Python code syntax and style conventions
[3.542s] -- Configured 'flake8' exclude dirs and/or files: 
[3.543s] -- Added test 'lint_cmake' to check CMake code style
[3.544s] -- Added test 'pep257' to check Python code against some of the docstring style conventions in PEP 257
[3.547s] -- Added test 'uncrustify' to check C / C++ code style
[3.547s] -- Configured uncrustify additional arguments: 
[3.549s] -- Added test 'xmllint' to check XML markup files
[3.549s] -- Configuring done (3.2s)
[3.600s] -- Generating done (0.0s)
[3.613s] -- Build files have been written to: /home/pheonix/ros2_ws/build/robot_state_publisher
[3.629s] Invoked command in '/home/pheonix/ros2_ws/build/robot_state_publisher' returned '0': AMENT_PREFIX_PATH=/home/pheonix/ros2_ws/install/launch_ros:/home/pheonix/ros2_ws/install/composition_interfaces:/home/pheonix/ros2_ws/install/rcl_interfaces:/home/pheonix/ros2_ws/install/lifecycle_msgs:${AMENT_PREFIX_PATH} CMAKE_PREFIX_PATH=/home/pheonix/ros2_ws/install/composition_interfaces:/home/pheonix/ros2_ws/install/rcl_interfaces:/home/pheonix/ros2_ws/install/lifecycle_msgs:/opt/ros/jazzy/opt/gz_sim_vendor:/opt/ros/jazzy/opt/gz_sensors_vendor:/opt/ros/jazzy/opt/gz_physics_vendor:/opt/ros/jazzy/opt/sdformat_vendor:/opt/ros/jazzy/opt/gz_gui_vendor:/opt/ros/jazzy/opt/gz_transport_vendor:/opt/ros/jazzy/opt/gz_rendering_vendor:/opt/ros/jazzy/opt/gz_plugin_vendor:/opt/ros/jazzy/opt/gz_fuel_tools_vendor:/opt/ros/jazzy/opt/gz_msgs_vendor:/opt/ros/jazzy/opt/gz_common_vendor:/opt/ros/jazzy/opt/gz_tools_vendor:/opt/ros/jazzy/opt/gz_ogre_next_vendor:/opt/ros/jazzy/opt/gz_dartsim_vendor:/home/pheonix/ros2_ws/install/turtlesim:/opt/ros/jazzy/opt/gz_math_vendor:/opt/ros/jazzy/opt/gz_utils_vendor:/opt/ros/jazzy/opt/gz_cmake_vendor:/opt/ros/jazzy DEBUGINFOD_URLS=https://debuginfod.ubuntu.com LD_LIBRARY_PATH=/home/pheonix/ros2_ws/install/composition_interfaces/lib:/home/pheonix/ros2_ws/install/rcl_interfaces/lib:/home/pheonix/ros2_ws/install/lifecycle_msgs/lib:${LD_LIBRARY_PATH} PYTHONPATH=/home/pheonix/ros2_ws/install/launch_ros/lib/python3.12/site-packages:/home/pheonix/ros2_ws/install/composition_interfaces/lib/python3.12/site-packages:/home/pheonix/ros2_ws/install/rcl_interfaces/lib/python3.12/site-packages:/home/pheonix/ros2_ws/install/lifecycle_msgs/lib/python3.12/site-packages:${PYTHONPATH} /usr/bin/cmake /home/pheonix/ros2_ws/src/robot_state_publisher -DCMAKE_INSTALL_PREFIX=/home/pheonix/ros2_ws/install/robot_state_publisher
[3.630s] Invoking command in '/home/pheonix/ros2_ws/build/robot_state_publisher': AMENT_PREFIX_PATH=/home/pheonix/ros2_ws/install/launch_ros:/home/pheonix/ros2_ws/install/composition_interfaces:/home/pheonix/ros2_ws/install/rcl_interfaces:/home/pheonix/ros2_ws/install/lifecycle_msgs:${AMENT_PREFIX_PATH} CMAKE_PREFIX_PATH=/home/pheonix/ros2_ws/install/composition_interfaces:/home/pheonix/ros2_ws/install/rcl_interfaces:/home/pheonix/ros2_ws/install/lifecycle_msgs:/opt/ros/jazzy/opt/gz_sim_vendor:/opt/ros/jazzy/opt/gz_sensors_vendor:/opt/ros/jazzy/opt/gz_physics_vendor:/opt/ros/jazzy/opt/sdformat_vendor:/opt/ros/jazzy/opt/gz_gui_vendor:/opt/ros/jazzy/opt/gz_transport_vendor:/opt/ros/jazzy/opt/gz_rendering_vendor:/opt/ros/jazzy/opt/gz_plugin_vendor:/opt/ros/jazzy/opt/gz_fuel_tools_vendor:/opt/ros/jazzy/opt/gz_msgs_vendor:/opt/ros/jazzy/opt/gz_common_vendor:/opt/ros/jazzy/opt/gz_tools_vendor:/opt/ros/jazzy/opt/gz_ogre_next_vendor:/opt/ros/jazzy/opt/gz_dartsim_vendor:/home/pheonix/ros2_ws/install/turtlesim:/opt/ros/jazzy/opt/gz_math_vendor:/opt/ros/jazzy/opt/gz_utils_vendor:/opt/ros/jazzy/opt/gz_cmake_vendor:/opt/ros/jazzy DEBUGINFOD_URLS=https://debuginfod.ubuntu.com LD_LIBRARY_PATH=/home/pheonix/ros2_ws/install/composition_interfaces/lib:/home/pheonix/ros2_ws/install/rcl_interfaces/lib:/home/pheonix/ros2_ws/install/lifecycle_msgs/lib:${LD_LIBRARY_PATH} PYTHONPATH=/home/pheonix/ros2_ws/install/launch_ros/lib/python3.12/site-packages:/home/pheonix/ros2_ws/install/composition_interfaces/lib/python3.12/site-packages:/home/pheonix/ros2_ws/install/rcl_interfaces/lib/python3.12/site-packages:/home/pheonix/ros2_ws/install/lifecycle_msgs/lib/python3.12/site-packages:${PYTHONPATH} /usr/bin/cmake --build /home/pheonix/ros2_ws/build/robot_state_publisher -- -j2 -l2
[3.790s] [  6%] [32mBuilding CXX object CMakeFiles/robot_state_publisher_node.dir/src/robot_state_publisher.cpp.o[0m
[4.412s] In file included from [01m[K/home/pheonix/ros2_ws/src/robot_state_publisher/src/robot_state_publisher.cpp:31[m[K:
[4.412s] [01m[K/home/pheonix/ros2_ws/src/robot_state_publisher/include/robot_state_publisher/robot_state_publisher.hpp:48:10:[m[K [01;31m[Kfatal error: [m[Kurdf/model.hpp: No such file or directory
[4.412s]    48 | #include [01;31m[K"urdf/model.hpp"[m[K
[4.412s]       |          [01;31m[K^~~~~~~~~~~~~~~~[m[K
[4.412s] compilation terminated.
[4.416s] gmake[2]: *** [CMakeFiles/robot_state_publisher_node.dir/build.make:76: CMakeFiles/robot_state_publisher_node.dir/src/robot_state_publisher.cpp.o] Error 1
[4.417s] gmake[1]: *** [CMakeFiles/Makefile2:167: CMakeFiles/robot_state_publisher_node.dir/all] Error 2
[4.417s] gmake: *** [Makefile:146: all] Error 2
[4.479s] Invoked command in '/home/pheonix/ros2_ws/build/robot_state_publisher' returned '2': AMENT_PREFIX_PATH=/home/pheonix/ros2_ws/install/launch_ros:/home/pheonix/ros2_ws/install/composition_interfaces:/home/pheonix/ros2_ws/install/rcl_interfaces:/home/pheonix/ros2_ws/install/lifecycle_msgs:${AMENT_PREFIX_PATH} CMAKE_PREFIX_PATH=/home/pheonix/ros2_ws/install/composition_interfaces:/home/pheonix/ros2_ws/install/rcl_interfaces:/home/pheonix/ros2_ws/install/lifecycle_msgs:/opt/ros/jazzy/opt/gz_sim_vendor:/opt/ros/jazzy/opt/gz_sensors_vendor:/opt/ros/jazzy/opt/gz_physics_vendor:/opt/ros/jazzy/opt/sdformat_vendor:/opt/ros/jazzy/opt/gz_gui_vendor:/opt/ros/jazzy/opt/gz_transport_vendor:/opt/ros/jazzy/opt/gz_rendering_vendor:/opt/ros/jazzy/opt/gz_plugin_vendor:/opt/ros/jazzy/opt/gz_fuel_tools_vendor:/opt/ros/jazzy/opt/gz_msgs_vendor:/opt/ros/jazzy/opt/gz_common_vendor:/opt/ros/jazzy/opt/gz_tools_vendor:/opt/ros/jazzy/opt/gz_ogre_next_vendor:/opt/ros/jazzy/opt/gz_dartsim_vendor:/home/pheonix/ros2_ws/install/turtlesim:/opt/ros/jazzy/opt/gz_math_vendor:/opt/ros/jazzy/opt/gz_utils_vendor:/opt/ros/jazzy/opt/gz_cmake_vendor:/opt/ros/jazzy DEBUGINFOD_URLS=https://debuginfod.ubuntu.com LD_LIBRARY_PATH=/home/pheonix/ros2_ws/install/composition_interfaces/lib:/home/pheonix/ros2_ws/install/rcl_interfaces/lib:/home/pheonix/ros2_ws/install/lifecycle_msgs/lib:${LD_LIBRARY_PATH} PYTHONPATH=/home/pheonix/ros2_ws/install/launch_ros/lib/python3.12/site-packages:/home/pheonix/ros2_ws/install/composition_interfaces/lib/python3.12/site-packages:/home/pheonix/ros2_ws/install/rcl_interfaces/lib/python3.12/site-packages:/home/pheonix/ros2_ws/install/lifecycle_msgs/lib/python3.12/site-packages:${PYTHONPATH} /usr/bin/cmake --build /home/pheonix/ros2_ws/build/robot_state_publisher -- -j2 -l2
