[0.054s] Invoking command in '/home/pheonix/ros2_ws/build/robot_state_publisher': AMENT_PREFIX_PATH=/home/pheonix/ros2_ws/install/launch_ros:/home/pheonix/ros2_ws/install/composition_interfaces:/home/pheonix/ros2_ws/install/rcl_interfaces:/home/pheonix/ros2_ws/install/lifecycle_msgs:${AMENT_PREFIX_PATH} CMAKE_PREFIX_PATH=/home/pheonix/ros2_ws/install/composition_interfaces:/home/pheonix/ros2_ws/install/rcl_interfaces:/home/pheonix/ros2_ws/install/lifecycle_msgs:/opt/ros/jazzy/opt/gz_sim_vendor:/opt/ros/jazzy/opt/gz_sensors_vendor:/opt/ros/jazzy/opt/gz_physics_vendor:/opt/ros/jazzy/opt/sdformat_vendor:/opt/ros/jazzy/opt/gz_gui_vendor:/opt/ros/jazzy/opt/gz_transport_vendor:/opt/ros/jazzy/opt/gz_rendering_vendor:/opt/ros/jazzy/opt/gz_plugin_vendor:/opt/ros/jazzy/opt/gz_fuel_tools_vendor:/opt/ros/jazzy/opt/gz_msgs_vendor:/opt/ros/jazzy/opt/gz_common_vendor:/opt/ros/jazzy/opt/gz_tools_vendor:/opt/ros/jazzy/opt/gz_ogre_next_vendor:/opt/ros/jazzy/opt/gz_dartsim_vendor:/home/pheonix/ros2_ws/install/turtlesim:/opt/ros/jazzy/opt/gz_math_vendor:/opt/ros/jazzy/opt/gz_utils_vendor:/opt/ros/jazzy/opt/gz_cmake_vendor:/opt/ros/jazzy DEBUGINFOD_URLS=https://debuginfod.ubuntu.com LD_LIBRARY_PATH=/home/pheonix/ros2_ws/install/composition_interfaces/lib:/home/pheonix/ros2_ws/install/rcl_interfaces/lib:/home/pheonix/ros2_ws/install/lifecycle_msgs/lib:${LD_LIBRARY_PATH} PYTHONPATH=/home/pheonix/ros2_ws/install/launch_ros/lib/python3.12/site-packages:/home/pheonix/ros2_ws/install/composition_interfaces/lib/python3.12/site-packages:/home/pheonix/ros2_ws/install/rcl_interfaces/lib/python3.12/site-packages:/home/pheonix/ros2_ws/install/lifecycle_msgs/lib/python3.12/site-packages:${PYTHONPATH} /usr/bin/cmake --build /home/pheonix/ros2_ws/build/robot_state_publisher -- -j2 -l2
[0.223s] [  6%] [32mBuilding CXX object CMakeFiles/robot_state_publisher_node.dir/src/robot_state_publisher.cpp.o[0m
[0.625s] In file included from [01m[K/home/pheonix/ros2_ws/src/robot_state_publisher/src/robot_state_publisher.cpp:31[m[K:
[0.625s] [01m[K/home/pheonix/ros2_ws/src/robot_state_publisher/include/robot_state_publisher/robot_state_publisher.hpp:48:10:[m[K [01;31m[Kfatal error: [m[Kurdf/model.hpp: No such file or directory
[0.625s]    48 | #include [01;31m[K"urdf/model.hpp"[m[K
[0.625s]       |          [01;31m[K^~~~~~~~~~~~~~~~[m[K
[0.625s] compilation terminated.
[0.629s] gmake[2]: *** [CMakeFiles/robot_state_publisher_node.dir/build.make:76: CMakeFiles/robot_state_publisher_node.dir/src/robot_state_publisher.cpp.o] Error 1
[0.629s] gmake[1]: *** [CMakeFiles/Makefile2:167: CMakeFiles/robot_state_publisher_node.dir/all] Error 2
[0.629s] gmake: *** [Makefile:146: all] Error 2
[0.631s] Invoked command in '/home/pheonix/ros2_ws/build/robot_state_publisher' returned '2': AMENT_PREFIX_PATH=/home/pheonix/ros2_ws/install/launch_ros:/home/pheonix/ros2_ws/install/composition_interfaces:/home/pheonix/ros2_ws/install/rcl_interfaces:/home/pheonix/ros2_ws/install/lifecycle_msgs:${AMENT_PREFIX_PATH} CMAKE_PREFIX_PATH=/home/pheonix/ros2_ws/install/composition_interfaces:/home/pheonix/ros2_ws/install/rcl_interfaces:/home/pheonix/ros2_ws/install/lifecycle_msgs:/opt/ros/jazzy/opt/gz_sim_vendor:/opt/ros/jazzy/opt/gz_sensors_vendor:/opt/ros/jazzy/opt/gz_physics_vendor:/opt/ros/jazzy/opt/sdformat_vendor:/opt/ros/jazzy/opt/gz_gui_vendor:/opt/ros/jazzy/opt/gz_transport_vendor:/opt/ros/jazzy/opt/gz_rendering_vendor:/opt/ros/jazzy/opt/gz_plugin_vendor:/opt/ros/jazzy/opt/gz_fuel_tools_vendor:/opt/ros/jazzy/opt/gz_msgs_vendor:/opt/ros/jazzy/opt/gz_common_vendor:/opt/ros/jazzy/opt/gz_tools_vendor:/opt/ros/jazzy/opt/gz_ogre_next_vendor:/opt/ros/jazzy/opt/gz_dartsim_vendor:/home/pheonix/ros2_ws/install/turtlesim:/opt/ros/jazzy/opt/gz_math_vendor:/opt/ros/jazzy/opt/gz_utils_vendor:/opt/ros/jazzy/opt/gz_cmake_vendor:/opt/ros/jazzy DEBUGINFOD_URLS=https://debuginfod.ubuntu.com LD_LIBRARY_PATH=/home/pheonix/ros2_ws/install/composition_interfaces/lib:/home/pheonix/ros2_ws/install/rcl_interfaces/lib:/home/pheonix/ros2_ws/install/lifecycle_msgs/lib:${LD_LIBRARY_PATH} PYTHONPATH=/home/pheonix/ros2_ws/install/launch_ros/lib/python3.12/site-packages:/home/pheonix/ros2_ws/install/composition_interfaces/lib/python3.12/site-packages:/home/pheonix/ros2_ws/install/rcl_interfaces/lib/python3.12/site-packages:/home/pheonix/ros2_ws/install/lifecycle_msgs/lib/python3.12/site-packages:${PYTHONPATH} /usr/bin/cmake --build /home/pheonix/ros2_ws/build/robot_state_publisher -- -j2 -l2
