[0.009s] Invoking command in '/home/pheonix/ros2_ws/build/rosbag2_test_common': /usr/bin/cmake /home/pheonix/ros2_ws/src/rosbag2/rosbag2_test_common -DAMENT_CMAKE_SYMLINK_INSTALL=1 -DCMAKE_INSTALL_PREFIX=/home/pheonix/ros2_ws/install/rosbag2_test_common
[0.032s] -- Found ament_cmake: 2.5.2 (/opt/ros/jazzy/share/ament_cmake/cmake)
[2.630s] Traceback (most recent call last):
[2.630s]   File "/opt/ros/jazzy/share/ament_cmake_core/cmake/package_templates/templates_2_cmake.py", line 21, in <module>
[2.630s]     from ament_package.templates import get_environment_hook_template_path
[2.630s] ModuleNotFoundError: No module named 'ament_package'
[2.630s] Error in sys.excepthook:
[2.630s] Traceback (most recent call last):
[2.630s]   File "/usr/lib/python3/dist-packages/apport_python_hook.py", line 228, in partial_apport_excepthook
[2.630s]     return apport_excepthook(binary, exc_type, exc_obj, exc_tb)
[2.630s]            ^^^^^^^^^^^^^^^^^^^^^^^^^^^^^^^^^^^^^^^^^^^^^^^^^^^^
[2.630s]   File "/usr/lib/python3/dist-packages/apport_python_hook.py", line 144, in apport_excepthook
[2.630s]     os.open(pr_filename, os.O_WRONLY | os.O_CREAT | os.O_EXCL, 0o640), "wb"
[2.630s]     ^^^^^^^^^^^^^^^^^^^^^^^^^^^^^^^^^^^^^^^^^^^^^^^^^^^^^^^^^^^^^^^^^
[2.631s] FileExistsError: [Errno 17] File exists: '/var/crash/_opt_ros_jazzy_share_ament_cmake_core_cmake_package_templates_templates_2_cmake.py.0.crash'
[2.631s] 
[2.631s] Original exception was:
[2.631s] Traceback (most recent call last):
[2.631s]   File "/opt/ros/jazzy/share/ament_cmake_core/cmake/package_templates/templates_2_cmake.py", line 21, in <module>
[2.631s]     from ament_package.templates import get_environment_hook_template_path
[2.631s] ModuleNotFoundError: No module named 'ament_package'
[2.696s] [31mCMake Error at /opt/ros/jazzy/share/ament_cmake_core/cmake/ament_cmake_package_templates-extras.cmake:41 (message):
[2.697s]   execute_process(/usr/bin/python3
[2.698s]   /opt/ros/jazzy/share/ament_cmake_core/cmake/package_templates/templates_2_cmake.py
[2.698s]   /home/pheonix/ros2_ws/build/rosbag2_test_common/ament_cmake_package_templates/templates.cmake)
[2.698s]   returned error code 1
[2.698s] Call Stack (most recent call first):
[2.698s]   /opt/ros/jazzy/share/ament_cmake_core/cmake/ament_cmake_coreConfig.cmake:41 (include)
[2.699s]   /opt/ros/jazzy/share/ament_cmake/cmake/ament_cmake_export_dependencies-extras.cmake:15 (find_package)
[2.699s]   /opt/ros/jazzy/share/ament_cmake/cmake/ament_cmakeConfig.cmake:41 (include)
[2.699s]   CMakeLists.txt:24 (find_package)
[2.699s] 
[2.699s] [0m
[2.699s] -- Configuring incomplete, errors occurred!
